# JRE version: Java(TM) SE Runtime Environment (17.0.9+11) (build 17.0.9+11-LTS-201)
# Java VM: Java HotSpot(TM) 64-Bit Server VM (17.0.9+11-LTS-201, mixed mode, sharing, tiered, compressed oops, compressed class ptrs, g1 gc, windows-amd64)
GC Precious Log:
 CPUs: 16 total, 16 available
 Memory: 32469M
 Large Page Support: Disabled
 NUMA Support: Disabled
 Compressed Oops: Enabled (Zero based)
 Heap Region Size: 4M
 Heap Min Capacity: 8M
 Heap Initial Capacity: 508M
 Heap Max Capacity: 8120M
 Pre-touch: Disabled
 Parallel Workers: 13
 Concurrent Workers: 3
 Concurrent Refinement Workers: 13
 Periodic GC: Disabled
Heap:
 garbage-first heap   total 69632K, used 37338K [0x0000000604800000, 0x0000000800000000)
  region size 4096K, 7 young (28672K), 1 survivors (4096K)
 Metaspace       used 30660K, committed 30976K, reserved 1114112K
  class space    used 3958K, committed 4096K, reserved 1048576K
GC Heap History (12 events):
Event: 0.301 GC heap before
{Heap before GC invocations=0 (full 0):
 garbage-first heap   total 520192K, used 20480K [0x0000000604800000, 0x0000000800000000)
  region size 4096K, 6 young (24576K), 0 survivors (0K)
 Metaspace       used 5969K, committed 6144K, reserved 1114112K
  class space    used 708K, committed 768K, reserved 1048576K
}
Event: 0.304 GC heap after
{Heap after GC invocations=1 (full 0):
 garbage-first heap   total 520192K, used 7292K [0x0000000604800000, 0x0000000800000000)
  region size 4096K, 1 young (4096K), 1 survivors (4096K)
 Metaspace       used 5969K, committed 6144K, reserved 1114112K
  class space    used 708K, committed 768K, reserved 1048576K
}
Event: 0.492 GC heap before
{Heap before GC invocations=1 (full 0):
 garbage-first heap   total 520192K, used 27772K [0x0000000604800000, 0x0000000800000000)
  region size 4096K, 6 young (24576K), 1 survivors (4096K)
 Metaspace       used 10783K, committed 11072K, reserved 1114112K
  class space    used 1387K, committed 1536K, reserved 1048576K
}
Event: 0.494 GC heap after
{Heap after GC invocations=2 (full 0):
 garbage-first heap   total 520192K, used 8823K [0x0000000604800000, 0x0000000800000000)
  region size 4096K, 1 young (4096K), 1 survivors (4096K)
 Metaspace       used 10783K, committed 11072K, reserved 1114112K
  class space    used 1387K, committed 1536K, reserved 1048576K
}
Event: 0.778 GC heap before
{Heap before GC invocations=2 (full 0):
 garbage-first heap   total 520192K, used 62071K [0x0000000604800000, 0x0000000800000000)
  region size 4096K, 14 young (57344K), 1 survivors (4096K)
 Metaspace       used 20849K, committed 21056K, reserved 1114112K
  class space    used 2644K, committed 2752K, reserved 1048576K
}
Event: 0.781 GC heap after
{Heap after GC invocations=3 (full 0):
 garbage-first heap   total 520192K, used 13772K [0x0000000604800000, 0x0000000800000000)
  region size 4096K, 2 young (8192K), 2 survivors (8192K)
 Metaspace       used 20849K, committed 21056K, reserved 1114112K
  class space    used 2644K, committed 2752K, reserved 1048576K
}
Event: 0.835 GC heap before
{Heap before GC invocations=3 (full 0):
 garbage-first heap   total 520192K, used 21964K [0x0000000604800000, 0x0000000800000000)
  region size 4096K, 5 young (20480K), 2 survivors (8192K)
 Metaspace       used 21294K, committed 21504K, reserved 1114112K
  class space    used 2701K, committed 2816K, reserved 1048576K
}
Event: 0.838 GC heap after
{Heap after GC invocations=4 (full 0):
 garbage-first heap   total 520192K, used 14177K [0x0000000604800000, 0x0000000800000000)
  region size 4096K, 2 young (8192K), 2 survivors (8192K)
 Metaspace       used 21294K, committed 21504K, reserved 1114112K
  class space    used 2701K, committed 2816K, reserved 1048576K
}
Event: 1.213 GC heap before
{Heap before GC invocations=5 (full 0):
 garbage-first heap   total 69632K, used 46945K [0x0000000604800000, 0x0000000800000000)
  region size 4096K, 10 young (40960K), 2 survivors (8192K)
 Metaspace       used 25756K, committed 26176K, reserved 1114112K
  class space    used 3309K, committed 3520K, reserved 1048576K
}
Event: 1.218 GC heap after
{Heap after GC invocations=6 (full 0):
 garbage-first heap   total 69632K, used 16485K [0x0000000604800000, 0x0000000800000000)
  region size 4096K, 1 young (4096K), 1 survivors (4096K)
 Metaspace       used 25756K, committed 26176K, reserved 1114112K
  class space    used 3309K, committed 3520K, reserved 1048576K
}
Event: 1.260 GC heap before
{Heap before GC invocations=6 (full 0):
 garbage-first heap   total 69632K, used 20581K [0x0000000604800000, 0x0000000800000000)
  region size 4096K, 2 young (8192K), 1 survivors (4096K)
 Metaspace       used 26336K, committed 26688K, reserved 1114112K
  class space    used 3390K, committed 3584K, reserved 1048576K
}
Event: 1.264 GC heap after
{Heap after GC invocations=7 (full 0):
 garbage-first heap   total 69632K, used 16858K [0x0000000604800000, 0x0000000800000000)
  region size 4096K, 1 young (4096K), 1 survivors (4096K)
 Metaspace       used 26336K, committed 26688K, reserved 1114112K
  class space    used 3390K, committed 3584K, reserved 1048576K
}

